[0m12:56:44.708395 [debug] [MainThread]: Sending event: {'category': 'dbt', 'action': 'invocation', 'label': 'start', 'context': [<snowplow_tracker.self_describing_json.SelfDescribingJson object at 0x000001CFB1252270>, <snowplow_tracker.self_describing_json.SelfDescribingJson object at 0x000001CFB3D8B390>, <snowplow_tracker.self_describing_json.SelfDescribingJson object at 0x000001CFB3D8B750>]}


============================== 12:56:44.764996 | 2fb6e5af-d136-4e6c-8df4-17bfe55020b6 ==============================
[0m12:56:44.764996 [info ] [MainThread]: Running with dbt=1.7.9
[0m12:56:44.767260 [debug] [MainThread]: running dbt with arguments {'printer_width': '80', 'indirect_selection': 'eager', 'write_json': 'True', 'log_cache_events': 'False', 'partial_parse': 'True', 'cache_selected_only': 'False', 'warn_error': 'None', 'fail_fast': 'False', 'debug': 'False', 'log_path': 'logs', 'version_check': 'True', 'profiles_dir': 'C:\\Users\\jean.colonia\\.dbt', 'use_colors': 'True', 'use_experimental_parser': 'False', 'no_print': 'None', 'quiet': 'False', 'warn_error_options': 'WarnErrorOptions(include=[], exclude=[])', 'static_parser': 'True', 'introspect': 'True', 'invocation_command': 'dbt init', 'target_path': 'None', 'log_format': 'default', 'send_anonymous_usage_stats': 'True'}
[0m12:56:44.769260 [warn ] [MainThread]: [ConfigFolderDirectory]: Unable to parse dict {'dir': WindowsPath('C:/Users/jean.colonia/.dbt')}
[0m12:56:44.769946 [info ] [MainThread]: Creating dbt configuration folder at 
[0m12:56:50.099653 [debug] [MainThread]: Starter project path: C:\Python313\Lib\site-packages\dbt\include\starter_project
[0m12:56:50.203247 [info ] [MainThread]: 
Your new dbt project "mysql" was created!

For more information on how to configure the profiles.yml file,
please consult the dbt documentation here:

  https://docs.getdbt.com/docs/configure-your-profile

One more thing:

Need help? Don't hesitate to reach out to us via GitHub issues or on Slack:

  https://community.getdbt.com/

Happy modeling!

[0m12:56:50.204901 [info ] [MainThread]: Setting up your profile.
[0m12:56:52.952270 [info ] [MainThread]: Profile mysql written to C:\Users\jean.colonia\.dbt\profiles.yml using target's sample configuration. Once updated, you'll be able to start developing with dbt.
[0m12:56:52.954812 [debug] [MainThread]: Command `dbt init` succeeded at 12:56:52.954450 after 8.47 seconds
[0m12:56:52.955617 [debug] [MainThread]: Sending event: {'category': 'dbt', 'action': 'invocation', 'label': 'end', 'context': [<snowplow_tracker.self_describing_json.SelfDescribingJson object at 0x000001CFAE9C2520>, <snowplow_tracker.self_describing_json.SelfDescribingJson object at 0x000001CFB3FF70B0>, <snowplow_tracker.self_describing_json.SelfDescribingJson object at 0x000001CFB3FBFF00>]}
[0m12:56:52.956407 [debug] [MainThread]: Flushing usage events
[0m12:56:54.444099 [debug] [MainThread]: Error sending anonymous usage statistics. Disabling tracking for this execution. If you wish to permanently disable tracking, see: https://docs.getdbt.com/reference/global-configs#send-anonymous-usage-stats.
[0m14:50:51.055632 [debug] [MainThread]: Sending event: {'category': 'dbt', 'action': 'invocation', 'label': 'start', 'context': [<snowplow_tracker.self_describing_json.SelfDescribingJson object at 0x000002E442D86120>, <snowplow_tracker.self_describing_json.SelfDescribingJson object at 0x000002E44588FED0>, <snowplow_tracker.self_describing_json.SelfDescribingJson object at 0x000002E44588FC50>]}


============================== 14:50:51.060638 | 9693fb9f-0feb-45b7-a7b9-845f80605324 ==============================
[0m14:50:51.060638 [info ] [MainThread]: Running with dbt=1.7.9
[0m14:50:51.061209 [debug] [MainThread]: running dbt with arguments {'printer_width': '80', 'indirect_selection': 'eager', 'write_json': 'True', 'log_cache_events': 'False', 'partial_parse': 'True', 'cache_selected_only': 'False', 'warn_error': 'None', 'fail_fast': 'False', 'profiles_dir': 'C:\\Users\\jean.colonia\\.dbt', 'log_path': 'logs', 'debug': 'False', 'version_check': 'True', 'use_colors': 'True', 'use_experimental_parser': 'False', 'no_print': 'None', 'quiet': 'False', 'warn_error_options': 'WarnErrorOptions(include=[], exclude=[])', 'invocation_command': 'dbt run --select raw_customers', 'log_format': 'default', 'static_parser': 'True', 'target_path': 'None', 'introspect': 'True', 'send_anonymous_usage_stats': 'True'}
[0m14:50:51.061542 [error] [MainThread]: Encountered an error:
Runtime Error
  No dbt_project.yml found at expected path C:\Users\jean.colonia\Desktop\Data_analysis\dbt-mysql-demo\dbt_project.yml
  Verify that each entry within packages.yml (and their transitive dependencies) contains a file named dbt_project.yml
  
[0m14:50:51.062085 [debug] [MainThread]: Command `dbt run` failed at 14:50:51.061985 after 0.19 seconds
[0m14:50:51.062380 [debug] [MainThread]: Sending event: {'category': 'dbt', 'action': 'invocation', 'label': 'end', 'context': [<snowplow_tracker.self_describing_json.SelfDescribingJson object at 0x000002E44579D6E0>, <snowplow_tracker.self_describing_json.SelfDescribingJson object at 0x000002E4458E15B0>, <snowplow_tracker.self_describing_json.SelfDescribingJson object at 0x000002E44578DF20>]}
[0m14:50:51.062662 [debug] [MainThread]: Flushing usage events
[0m14:50:52.390227 [debug] [MainThread]: Error sending anonymous usage statistics. Disabling tracking for this execution. If you wish to permanently disable tracking, see: https://docs.getdbt.com/reference/global-configs#send-anonymous-usage-stats.
[0m14:53:08.263135 [debug] [MainThread]: Sending event: {'category': 'dbt', 'action': 'invocation', 'label': 'start', 'context': [<snowplow_tracker.self_describing_json.SelfDescribingJson object at 0x00000124F0256120>, <snowplow_tracker.self_describing_json.SelfDescribingJson object at 0x00000124F2D6FED0>, <snowplow_tracker.self_describing_json.SelfDescribingJson object at 0x00000124F2D6FC50>]}


============================== 14:53:08.266669 | 239cf3a0-b4dc-41d4-bce7-a5ac352dfd2a ==============================
[0m14:53:08.266669 [info ] [MainThread]: Running with dbt=1.7.9
[0m14:53:08.267345 [debug] [MainThread]: running dbt with arguments {'printer_width': '80', 'indirect_selection': 'eager', 'log_cache_events': 'False', 'write_json': 'True', 'partial_parse': 'True', 'cache_selected_only': 'False', 'warn_error': 'None', 'version_check': 'True', 'fail_fast': 'False', 'log_path': 'logs', 'profiles_dir': 'C:\\Users\\jean.colonia\\.dbt', 'debug': 'False', 'use_colors': 'True', 'use_experimental_parser': 'False', 'no_print': 'None', 'quiet': 'False', 'warn_error_options': 'WarnErrorOptions(include=[], exclude=[])', 'static_parser': 'True', 'log_format': 'default', 'invocation_command': 'dbt run --select raw_customers', 'target_path': 'None', 'introspect': 'True', 'send_anonymous_usage_stats': 'True'}
[0m14:53:08.267658 [error] [MainThread]: Encountered an error:
Runtime Error
  No dbt_project.yml found at expected path C:\Users\jean.colonia\Desktop\Data_analysis\dbt-mysql-demo\dbt_project.yml
  Verify that each entry within packages.yml (and their transitive dependencies) contains a file named dbt_project.yml
  
[0m14:53:08.268386 [debug] [MainThread]: Command `dbt run` failed at 14:53:08.268266 after 0.15 seconds
[0m14:53:08.268754 [debug] [MainThread]: Sending event: {'category': 'dbt', 'action': 'invocation', 'label': 'end', 'context': [<snowplow_tracker.self_describing_json.SelfDescribingJson object at 0x00000124F2C7D6E0>, <snowplow_tracker.self_describing_json.SelfDescribingJson object at 0x00000124F2DC15B0>, <snowplow_tracker.self_describing_json.SelfDescribingJson object at 0x00000124F2C6DF20>]}
[0m14:53:08.269282 [debug] [MainThread]: Flushing usage events
[0m14:53:09.188111 [debug] [MainThread]: Error sending anonymous usage statistics. Disabling tracking for this execution. If you wish to permanently disable tracking, see: https://docs.getdbt.com/reference/global-configs#send-anonymous-usage-stats.
[0m14:53:17.164465 [debug] [MainThread]: Sending event: {'category': 'dbt', 'action': 'invocation', 'label': 'start', 'context': [<snowplow_tracker.self_describing_json.SelfDescribingJson object at 0x000002D6EB96E120>, <snowplow_tracker.self_describing_json.SelfDescribingJson object at 0x000002D6EE47FED0>, <snowplow_tracker.self_describing_json.SelfDescribingJson object at 0x000002D6EE47FC50>]}


============================== 14:53:17.169500 | 442b72fe-077a-428e-ab61-61a6990d92a6 ==============================
[0m14:53:17.169500 [info ] [MainThread]: Running with dbt=1.7.9
[0m14:53:17.170053 [debug] [MainThread]: running dbt with arguments {'printer_width': '80', 'indirect_selection': 'eager', 'log_cache_events': 'False', 'write_json': 'True', 'partial_parse': 'True', 'cache_selected_only': 'False', 'profiles_dir': 'C:\\Users\\jean.colonia\\.dbt', 'fail_fast': 'False', 'version_check': 'True', 'log_path': 'logs', 'debug': 'False', 'warn_error': 'None', 'use_colors': 'True', 'use_experimental_parser': 'False', 'no_print': 'None', 'quiet': 'False', 'log_format': 'default', 'introspect': 'True', 'invocation_command': 'dbt run --select raw_customers', 'warn_error_options': 'WarnErrorOptions(include=[], exclude=[])', 'target_path': 'None', 'static_parser': 'True', 'send_anonymous_usage_stats': 'True'}
[0m14:53:17.170404 [error] [MainThread]: Encountered an error:
Runtime Error
  No dbt_project.yml found at expected path C:\Users\jean.colonia\Desktop\Data_analysis\dbt-mysql-demo\dbt_project.yml
  Verify that each entry within packages.yml (and their transitive dependencies) contains a file named dbt_project.yml
  
[0m14:53:17.171058 [debug] [MainThread]: Command `dbt run` failed at 14:53:17.170934 after 0.15 seconds
[0m14:53:17.171302 [debug] [MainThread]: Sending event: {'category': 'dbt', 'action': 'invocation', 'label': 'end', 'context': [<snowplow_tracker.self_describing_json.SelfDescribingJson object at 0x000002D6EE38D6E0>, <snowplow_tracker.self_describing_json.SelfDescribingJson object at 0x000002D6EE4D15B0>, <snowplow_tracker.self_describing_json.SelfDescribingJson object at 0x000002D6EE37DF20>]}
[0m14:53:17.171538 [debug] [MainThread]: Flushing usage events
[0m14:53:17.672213 [debug] [MainThread]: Error sending anonymous usage statistics. Disabling tracking for this execution. If you wish to permanently disable tracking, see: https://docs.getdbt.com/reference/global-configs#send-anonymous-usage-stats.
